{"level":"error","message":"401 - Not authorized to access this route - /api/v1/products?limit=5 - GET - ::1","service":"inventory-api","timestamp":"2025-12-25 12:23:25"}
{"level":"error","message":"401 - Not authorized to access this route - /api/v1/products?limit=5 - GET - ::1","service":"inventory-api","timestamp":"2025-12-25 12:23:25"}
{"level":"error","message":"401 - Not authorized to access this route - /api/v1/inventory/summary - GET - ::1","service":"inventory-api","timestamp":"2025-12-25 12:23:25"}
{"level":"error","message":"401 - Not authorized to access this route - /api/v1/inventory/logs?limit=10 - GET - ::1","service":"inventory-api","timestamp":"2025-12-25 12:23:25"}
{"level":"error","message":"401 - Not authorized to access this route - /api/v1/inventory/summary - GET - ::1","service":"inventory-api","timestamp":"2025-12-25 12:23:25"}
{"level":"error","message":"401 - Not authorized to access this route - /api/v1/products/low-stock - GET - ::1","service":"inventory-api","timestamp":"2025-12-25 12:23:25"}
{"level":"error","message":"401 - Not authorized to access this route - /api/v1/inventory/logs?limit=10 - GET - ::1","service":"inventory-api","timestamp":"2025-12-25 12:23:25"}
{"level":"error","message":"401 - Not authorized to access this route - /api/v1/products/low-stock - GET - ::1","service":"inventory-api","timestamp":"2025-12-25 12:23:25"}
{"level":"error","message":"500 - Cast to ObjectId failed for value \"low-stock\" (type string) at path \"_id\" for model \"Product\" - /api/v1/products/low-stock - GET - ::1","service":"inventory-api","timestamp":"2025-12-25 12:24:13"}
{"level":"error","message":"500 - Cast to ObjectId failed for value \"low-stock\" (type string) at path \"_id\" for model \"Product\" - /api/v1/products/low-stock - GET - ::1","service":"inventory-api","timestamp":"2025-12-25 12:24:13"}
{"level":"error","message":"500 - Cast to ObjectId failed for value \"low-stock\" (type string) at path \"_id\" for model \"Product\" - /api/v1/products/low-stock - GET - ::1","service":"inventory-api","timestamp":"2025-12-25 12:24:54"}
{"level":"error","message":"500 - Cast to ObjectId failed for value \"low-stock\" (type string) at path \"_id\" for model \"Product\" - /api/v1/products/low-stock - GET - ::1","service":"inventory-api","timestamp":"2025-12-25 12:24:54"}
{"level":"error","message":"500 - Cast to ObjectId failed for value \"low-stock\" (type string) at path \"_id\" for model \"Product\" - /api/v1/products/low-stock - GET - ::1","service":"inventory-api","timestamp":"2025-12-25 12:25:12"}
{"level":"error","message":"500 - Cast to ObjectId failed for value \"low-stock\" (type string) at path \"_id\" for model \"Product\" - /api/v1/products/low-stock - GET - ::1","service":"inventory-api","timestamp":"2025-12-25 12:25:12"}
{"level":"error","message":"500 - Cast to ObjectId failed for value \"low-stock\" (type string) at path \"_id\" for model \"Product\" - /api/v1/products/low-stock - GET - ::1","service":"inventory-api","timestamp":"2025-12-25 12:25:31"}
{"level":"error","message":"500 - Cast to ObjectId failed for value \"low-stock\" (type string) at path \"_id\" for model \"Product\" - /api/v1/products/low-stock - GET - ::1","service":"inventory-api","timestamp":"2025-12-25 12:25:31"}
{"level":"error","message":"500 - Cast to ObjectId failed for value \"low-stock\" (type string) at path \"_id\" for model \"Product\" - /api/v1/products/low-stock - GET - ::1","service":"inventory-api","timestamp":"2025-12-25 12:25:47"}
{"level":"error","message":"500 - Cast to ObjectId failed for value \"low-stock\" (type string) at path \"_id\" for model \"Product\" - /api/v1/products/low-stock - GET - ::1","service":"inventory-api","timestamp":"2025-12-25 12:25:47"}
{"level":"error","message":"500 - Cast to ObjectId failed for value \"low-stock\" (type string) at path \"_id\" for model \"Product\" - /api/v1/products/low-stock - GET - ::1","service":"inventory-api","timestamp":"2025-12-25 12:26:15"}
{"level":"error","message":"500 - Cast to ObjectId failed for value \"low-stock\" (type string) at path \"_id\" for model \"Product\" - /api/v1/products/low-stock - GET - ::1","service":"inventory-api","timestamp":"2025-12-25 12:26:15"}
{"level":"error","message":"401 - Not authorized to access this route - /api/v1/products?limit=5 - GET - ::1","service":"inventory-api","timestamp":"2025-12-25 12:26:26"}
{"level":"error","message":"401 - Not authorized to access this route - /api/v1/inventory/summary - GET - ::1","service":"inventory-api","timestamp":"2025-12-25 12:26:26"}
{"level":"error","message":"401 - Not authorized to access this route - /api/v1/products?limit=5 - GET - ::1","service":"inventory-api","timestamp":"2025-12-25 12:26:26"}
{"level":"error","message":"401 - Not authorized to access this route - /api/v1/inventory/logs?limit=10 - GET - ::1","service":"inventory-api","timestamp":"2025-12-25 12:26:26"}
{"level":"error","message":"401 - Not authorized to access this route - /api/v1/products/low-stock - GET - ::1","service":"inventory-api","timestamp":"2025-12-25 12:26:26"}
{"level":"error","message":"401 - Not authorized to access this route - /api/v1/inventory/logs?limit=10 - GET - ::1","service":"inventory-api","timestamp":"2025-12-25 12:26:26"}
{"level":"error","message":"401 - Not authorized to access this route - /api/v1/inventory/summary - GET - ::1","service":"inventory-api","timestamp":"2025-12-25 12:26:26"}
{"level":"error","message":"401 - Not authorized to access this route - /api/v1/products/low-stock - GET - ::1","service":"inventory-api","timestamp":"2025-12-25 12:26:26"}
{"level":"error","message":"401 - Not authorized to access this route - /api/v1/products?limit=5 - GET - ::1","service":"inventory-api","timestamp":"2025-12-25 12:26:36"}
{"level":"error","message":"401 - Not authorized to access this route - /api/v1/inventory/summary - GET - ::1","service":"inventory-api","timestamp":"2025-12-25 12:26:36"}
{"level":"error","message":"401 - Not authorized to access this route - /api/v1/inventory/logs?limit=10 - GET - ::1","service":"inventory-api","timestamp":"2025-12-25 12:26:36"}
{"level":"error","message":"401 - Not authorized to access this route - /api/v1/products?limit=5 - GET - ::1","service":"inventory-api","timestamp":"2025-12-25 12:26:36"}
{"level":"error","message":"401 - Not authorized to access this route - /api/v1/products/low-stock - GET - ::1","service":"inventory-api","timestamp":"2025-12-25 12:26:36"}
{"level":"error","message":"401 - Not authorized to access this route - /api/v1/inventory/logs?limit=10 - GET - ::1","service":"inventory-api","timestamp":"2025-12-25 12:26:36"}
{"level":"error","message":"401 - Not authorized to access this route - /api/v1/inventory/summary - GET - ::1","service":"inventory-api","timestamp":"2025-12-25 12:26:36"}
{"level":"error","message":"401 - Not authorized to access this route - /api/v1/products/low-stock - GET - ::1","service":"inventory-api","timestamp":"2025-12-25 12:26:36"}
{"level":"error","message":"500 - Cast to ObjectId failed for value \"low-stock\" (type string) at path \"_id\" for model \"Product\" - /api/v1/products/low-stock - GET - ::1","service":"inventory-api","timestamp":"2025-12-25 12:30:40"}
{"level":"error","message":"500 - Cast to ObjectId failed for value \"low-stock\" (type string) at path \"_id\" for model \"Product\" - /api/v1/products/low-stock - GET - ::1","service":"inventory-api","timestamp":"2025-12-25 12:30:40"}
{"level":"error","message":"500 - Cast to ObjectId failed for value \"low-stock\" (type string) at path \"_id\" for model \"Product\" - /api/v1/products/low-stock - GET - ::1","service":"inventory-api","timestamp":"2025-12-25 12:31:20"}
{"level":"error","message":"500 - Cast to ObjectId failed for value \"low-stock\" (type string) at path \"_id\" for model \"Product\" - /api/v1/products/low-stock - GET - ::1","service":"inventory-api","timestamp":"2025-12-25 12:31:20"}
{"level":"error","message":"401 - Invalid credentials - /api/v1/auth/login - POST - ::1","service":"inventory-api","timestamp":"2025-12-25 12:36:41"}
{"level":"error","message":"401 - Invalid or expired token - /api/v1/products - GET - ::1","service":"inventory-api","timestamp":"2025-12-25 12:36:41"}
{"level":"error","message":"500 - Cast to ObjectId failed for value \"low-stock\" (type string) at path \"_id\" for model \"Product\" - /api/v1/products/low-stock - GET - ::1","service":"inventory-api","timestamp":"2025-12-25 12:50:12"}
{"level":"error","message":"500 - Cast to ObjectId failed for value \"low-stock\" (type string) at path \"_id\" for model \"Product\" - /api/v1/products/low-stock - GET - ::1","service":"inventory-api","timestamp":"2025-12-25 12:50:12"}
{"level":"error","message":"500 - Cast to ObjectId failed for value \"low-stock\" (type string) at path \"_id\" for model \"Product\" - /api/v1/products/low-stock - GET - ::1","service":"inventory-api","timestamp":"2025-12-25 12:50:38"}
{"level":"error","message":"500 - Cast to ObjectId failed for value \"low-stock\" (type string) at path \"_id\" for model \"Product\" - /api/v1/products/low-stock - GET - ::1","service":"inventory-api","timestamp":"2025-12-25 12:50:38"}
{"level":"error","message":"500 - Cast to ObjectId failed for value \"low-stock\" (type string) at path \"_id\" for model \"Product\" - /api/v1/products/low-stock - GET - ::1","service":"inventory-api","timestamp":"2025-12-25 12:50:45"}
{"level":"error","message":"500 - Cast to ObjectId failed for value \"low-stock\" (type string) at path \"_id\" for model \"Product\" - /api/v1/products/low-stock - GET - ::1","service":"inventory-api","timestamp":"2025-12-25 12:50:45"}
{"level":"error","message":"500 - Cast to ObjectId failed for value \"low-stock\" (type string) at path \"_id\" for model \"Product\" - /api/v1/products/low-stock - GET - ::1","service":"inventory-api","timestamp":"2025-12-25 12:51:40"}
{"level":"error","message":"500 - Cast to ObjectId failed for value \"low-stock\" (type string) at path \"_id\" for model \"Product\" - /api/v1/products/low-stock - GET - ::1","service":"inventory-api","timestamp":"2025-12-25 12:51:40"}
{"level":"error","message":"500 - Cast to ObjectId failed for value \"low-stock\" (type string) at path \"_id\" for model \"Product\" - /api/v1/products/low-stock - GET - ::1","service":"inventory-api","timestamp":"2025-12-25 12:53:55"}
{"level":"error","message":"500 - Cast to ObjectId failed for value \"low-stock\" (type string) at path \"_id\" for model \"Product\" - /api/v1/products/low-stock - GET - ::1","service":"inventory-api","timestamp":"2025-12-25 12:53:55"}
{"level":"error","message":"500 - Cast to ObjectId failed for value \"low-stock\" (type string) at path \"_id\" for model \"Product\" - /api/v1/products/low-stock - GET - ::1","service":"inventory-api","timestamp":"2025-12-25 12:54:25"}
{"level":"error","message":"500 - Cast to ObjectId failed for value \"low-stock\" (type string) at path \"_id\" for model \"Product\" - /api/v1/products/low-stock - GET - ::1","service":"inventory-api","timestamp":"2025-12-25 13:56:39"}
{"level":"error","message":"500 - Cast to ObjectId failed for value \"low-stock\" (type string) at path \"_id\" for model \"Product\" - /api/v1/products/low-stock - GET - ::1","service":"inventory-api","timestamp":"2025-12-25 13:56:48"}
{"level":"error","message":"500 - Cast to ObjectId failed for value \"low-stock\" (type string) at path \"_id\" for model \"Product\" - /api/v1/products/low-stock - GET - ::1","service":"inventory-api","timestamp":"2025-12-25 13:56:50"}
{"level":"error","message":"500 - Cast to ObjectId failed for value \"low-stock\" (type string) at path \"_id\" for model \"Product\" - /api/v1/products/low-stock - GET - ::1","service":"inventory-api","timestamp":"2025-12-25 13:57:04"}
{"level":"error","message":"500 - Cast to ObjectId failed for value \"low-stock\" (type string) at path \"_id\" for model \"Product\" - /api/v1/products/low-stock - GET - ::1","service":"inventory-api","timestamp":"2025-12-25 13:57:14"}
{"level":"error","message":"500 - Cast to ObjectId failed for value \"low-stock\" (type string) at path \"_id\" for model \"Product\" - /api/v1/products/low-stock - GET - ::1","service":"inventory-api","timestamp":"2025-12-25 13:59:02"}
{"level":"error","message":"500 - Cast to ObjectId failed for value \"low-stock\" (type string) at path \"_id\" for model \"Product\" - /api/v1/products/low-stock - GET - ::1","service":"inventory-api","timestamp":"2025-12-25 13:59:02"}
{"level":"error","message":"500 - User already exists - /api/v1/auth/register - POST - ::1","service":"inventory-api","timestamp":"2025-12-25 14:00:46"}
{"level":"error","message":"401 - Invalid credentials - /api/v1/auth/login - POST - ::1","service":"inventory-api","timestamp":"2025-12-25 14:01:02"}
{"level":"error","message":"401 - Invalid credentials - /api/v1/auth/login - POST - ::1","service":"inventory-api","timestamp":"2025-12-25 14:01:14"}
{"level":"error","message":"401 - Invalid credentials - /api/v1/auth/login - POST - ::1","service":"inventory-api","timestamp":"2025-12-25 14:01:19"}
{"level":"error","message":"401 - Invalid credentials - /api/v1/auth/login - POST - ::1","service":"inventory-api","timestamp":"2025-12-25 14:03:03"}
{"level":"error","message":"500 - Cast to ObjectId failed for value \"low-stock\" (type string) at path \"_id\" for model \"Product\" - /api/v1/products/low-stock - GET - ::1","service":"inventory-api","timestamp":"2025-12-25 14:03:26"}
{"level":"error","message":"500 - Cast to ObjectId failed for value \"low-stock\" (type string) at path \"_id\" for model \"Product\" - /api/v1/products/low-stock - GET - ::1","service":"inventory-api","timestamp":"2025-12-25 14:03:31"}
{"level":"error","message":"400 - Validation failed - /api/v1/auth/register - POST - ::1","service":"inventory-api","timestamp":"2025-12-25 14:05:28"}
{"level":"error","message":"400 - Validation failed - /api/v1/auth/register - POST - ::1","service":"inventory-api","timestamp":"2025-12-25 14:05:29"}
{"level":"error","message":"400 - Validation failed - /api/v1/auth/register - POST - ::1","service":"inventory-api","timestamp":"2025-12-25 14:05:30"}
{"level":"error","message":"400 - Validation failed - /api/v1/auth/register - POST - ::1","service":"inventory-api","timestamp":"2025-12-25 14:05:31"}
{"level":"error","message":"400 - Validation failed - /api/v1/auth/register - POST - ::1","service":"inventory-api","timestamp":"2025-12-25 14:05:31"}
{"level":"error","message":"400 - Validation failed - /api/v1/auth/register - POST - ::1","service":"inventory-api","timestamp":"2025-12-25 14:05:31"}
{"level":"error","message":"400 - Validation failed - /api/v1/auth/register - POST - ::1","service":"inventory-api","timestamp":"2025-12-25 14:05:31"}
{"level":"error","message":"400 - Validation failed - /api/v1/auth/register - POST - ::1","service":"inventory-api","timestamp":"2025-12-25 14:05:31"}
{"level":"error","message":"400 - Validation failed - /api/v1/auth/register - POST - ::1","service":"inventory-api","timestamp":"2025-12-25 14:05:32"}
{"level":"error","message":"400 - Validation failed - /api/v1/auth/register - POST - ::1","service":"inventory-api","timestamp":"2025-12-25 14:05:32"}
{"level":"error","message":"400 - Validation failed - /api/v1/auth/register - POST - ::1","service":"inventory-api","timestamp":"2025-12-25 14:08:09"}
{"level":"error","message":"400 - Validation failed - /api/v1/auth/register - POST - ::1","service":"inventory-api","timestamp":"2025-12-25 14:08:13"}
{"level":"error","message":"400 - Validation failed - /api/v1/auth/register - POST - ::1","service":"inventory-api","timestamp":"2025-12-25 14:08:23"}
{"level":"error","message":"400 - Validation failed - /api/v1/auth/register - POST - ::1","service":"inventory-api","timestamp":"2025-12-25 14:08:23"}
{"level":"error","message":"400 - Validation failed - /api/v1/auth/register - POST - ::1","service":"inventory-api","timestamp":"2025-12-25 14:08:23"}
{"level":"error","message":"400 - Validation failed - /api/v1/auth/register - POST - ::1","service":"inventory-api","timestamp":"2025-12-25 14:08:23"}
{"level":"error","message":"400 - Validation failed - /api/v1/auth/register - POST - ::1","service":"inventory-api","timestamp":"2025-12-25 14:08:23"}
{"level":"error","message":"400 - Validation failed - /api/v1/auth/register - POST - ::1","service":"inventory-api","timestamp":"2025-12-25 14:08:24"}
{"level":"error","message":"400 - Validation failed - /api/v1/auth/register - POST - ::1","service":"inventory-api","timestamp":"2025-12-25 14:08:24"}
{"level":"error","message":"500 - Cast to ObjectId failed for value \"low-stock\" (type string) at path \"_id\" for model \"Product\" - /api/v1/products/low-stock - GET - ::1","service":"inventory-api","timestamp":"2025-12-25 14:13:50"}
{"level":"error","message":"500 - Cast to ObjectId failed for value \"low-stock\" (type string) at path \"_id\" for model \"Product\" - /api/v1/products/low-stock - GET - ::1","service":"inventory-api","timestamp":"2025-12-25 14:13:50"}
{"level":"error","message":"400 - Validation failed - /api/v1/auth/register - POST - ::1","service":"inventory-api","timestamp":"2025-12-25 14:14:18"}
{"level":"error","message":"500 - Cast to ObjectId failed for value \"low-stock\" (type string) at path \"_id\" for model \"Product\" - /api/v1/products/low-stock - GET - ::1","service":"inventory-api","timestamp":"2025-12-25 14:18:52"}
{"level":"error","message":"500 - Cast to ObjectId failed for value \"low-stock\" (type string) at path \"_id\" for model \"Product\" - /api/v1/products/low-stock - GET - ::1","service":"inventory-api","timestamp":"2025-12-25 14:18:52"}
{"level":"error","message":"500 - Cast to ObjectId failed for value \"low-stock\" (type string) at path \"_id\" for model \"Product\" - /api/v1/products/low-stock - GET - ::1","service":"inventory-api","timestamp":"2025-12-25 14:19:28"}
{"level":"error","message":"500 - Cast to ObjectId failed for value \"low-stock\" (type string) at path \"_id\" for model \"Product\" - /api/v1/products/low-stock - GET - ::1","service":"inventory-api","timestamp":"2025-12-25 14:19:46"}
{"level":"error","message":"400 - Validation failed - /api/v1/auth/register - POST - ::1","service":"inventory-api","timestamp":"2025-12-25 14:32:50"}
{"level":"error","message":"400 - Validation failed - /api/v1/auth/register - POST - ::1","service":"inventory-api","timestamp":"2025-12-25 14:33:41"}
{"level":"error","message":"400 - Validation failed - /api/v1/auth/register - POST - ::1","service":"inventory-api","timestamp":"2025-12-25 14:34:47"}
{"level":"error","message":"500 - User already exists - /api/v1/auth/register - POST - ::1","service":"inventory-api","timestamp":"2025-12-25 14:36:04"}
{"level":"error","message":"400 - Validation failed - /api/v1/auth/register - POST - ::1","service":"inventory-api","timestamp":"2025-12-25 14:36:25"}
{"level":"error","message":"400 - Validation failed - /api/v1/auth/register - POST - ::1","service":"inventory-api","timestamp":"2025-12-25 14:36:55"}
{"level":"error","message":"400 - Validation failed - /api/v1/auth/register - POST - ::1","service":"inventory-api","timestamp":"2025-12-25 14:36:55"}
{"level":"error","message":"400 - Validation failed - /api/v1/auth/register - POST - ::1","service":"inventory-api","timestamp":"2025-12-25 14:37:49"}
{"level":"error","message":"500 - User already exists - /api/v1/auth/register - POST - ::1","service":"inventory-api","timestamp":"2025-12-25 14:37:57"}
{"level":"error","message":"500 - User already exists - /api/v1/auth/register - POST - ::1","service":"inventory-api","timestamp":"2025-12-25 14:43:42"}
{"level":"error","message":"500 - User already exists - /api/v1/auth/register - POST - ::1","service":"inventory-api","timestamp":"2025-12-25 14:46:27"}
{"level":"error","message":"400 - Validation failed - /api/v1/auth/register - POST - ::1","service":"inventory-api","timestamp":"2025-12-25 14:53:15"}
{"level":"error","message":"400 - Validation failed - /api/v1/auth/register - POST - ::1","service":"inventory-api","timestamp":"2025-12-25 16:53:54"}
{"level":"error","message":"400 - Validation failed - /api/v1/auth/register - POST - ::1","service":"inventory-api","timestamp":"2025-12-25 16:55:57"}
{"level":"error","message":"400 - Validation failed - /api/v1/auth/login - POST - ::1","service":"inventory-api","timestamp":"2025-12-25 16:58:46"}
{"level":"error","message":"500 - Cast to ObjectId failed for value \"low-stock\" (type string) at path \"_id\" for model \"Product\" - /api/v1/products/low-stock - GET - ::1","service":"inventory-api","timestamp":"2025-12-25 17:09:18"}
{"level":"error","message":"500 - Cast to ObjectId failed for value \"low-stock\" (type string) at path \"_id\" for model \"Product\" - /api/v1/products/low-stock - GET - ::1","service":"inventory-api","timestamp":"2025-12-25 17:15:15"}
{"level":"error","message":"500 - Cast to ObjectId failed for value \"low-stock\" (type string) at path \"_id\" for model \"Product\" - /api/v1/products/low-stock - GET - ::1","service":"inventory-api","timestamp":"2025-12-25 17:15:41"}
{"level":"error","message":"500 - Cast to ObjectId failed for value \"low-stock\" (type string) at path \"_id\" for model \"Product\" - /api/v1/products/low-stock - GET - ::1","service":"inventory-api","timestamp":"2025-12-25 17:15:43"}
{"level":"error","message":"500 - Cast to ObjectId failed for value \"low-stock\" (type string) at path \"_id\" for model \"Product\" - /api/v1/products/low-stock - GET - ::1","service":"inventory-api","timestamp":"2025-12-25 17:16:41"}
{"level":"error","message":"500 - Cast to ObjectId failed for value \"low-stock\" (type string) at path \"_id\" for model \"Product\" - /api/v1/products/low-stock - GET - ::1","service":"inventory-api","timestamp":"2025-12-25 17:18:43"}
{"level":"error","message":"500 - Cast to ObjectId failed for value \"low-stock\" (type string) at path \"_id\" for model \"Product\" - /api/v1/products/low-stock - GET - ::1","service":"inventory-api","timestamp":"2025-12-25 17:18:52"}
{"level":"error","message":"500 - Cast to ObjectId failed for value \"low-stock\" (type string) at path \"_id\" for model \"Product\" - /api/v1/products/low-stock - GET - ::1","service":"inventory-api","timestamp":"2025-12-25 17:18:55"}
{"level":"error","message":"500 - Cast to ObjectId failed for value \"low-stock\" (type string) at path \"_id\" for model \"Product\" - /api/v1/products/low-stock - GET - ::1","service":"inventory-api","timestamp":"2025-12-25 17:18:59"}
{"level":"error","message":"500 - Cast to ObjectId failed for value \"low-stock\" (type string) at path \"_id\" for model \"Product\" - /api/v1/products/low-stock - GET - ::1","service":"inventory-api","timestamp":"2025-12-25 17:19:04"}
{"level":"error","message":"401 - Invalid credentials - /api/v1/auth/login - POST - ::1","service":"inventory-api","timestamp":"2025-12-25 17:25:44"}
{"level":"error","message":"401 - Not authorized to access this route - /api/v1/products/low-stock - GET - ::1","service":"inventory-api","timestamp":"2025-12-25 17:25:52"}
{"level":"error","message":"401 - Not authorized to access this route - /api/v1/inventory/summary - GET - ::1","service":"inventory-api","timestamp":"2025-12-25 17:25:52"}
{"level":"error","message":"401 - Not authorized to access this route - /api/v1/inventory/logs?limit=10 - GET - ::1","service":"inventory-api","timestamp":"2025-12-25 17:25:52"}
{"level":"error","message":"401 - Not authorized to access this route - /api/v1/products?limit=5 - GET - ::1","service":"inventory-api","timestamp":"2025-12-25 17:25:52"}
{"level":"error","message":"401 - Invalid credentials - /api/v1/auth/login - POST - ::1","service":"inventory-api","timestamp":"2025-12-25 17:27:11"}
{"level":"error","message":"500 - Cast to ObjectId failed for value \"low-stock\" (type string) at path \"_id\" for model \"Product\" - /api/v1/products/low-stock - GET - ::1","service":"inventory-api","timestamp":"2025-12-25 17:39:53"}
{"level":"error","message":"500 - Cast to ObjectId failed for value \"low-stock\" (type string) at path \"_id\" for model \"Product\" - /api/v1/products/low-stock - GET - ::1","service":"inventory-api","timestamp":"2025-12-25 17:42:45"}
{"level":"error","message":"500 - Cast to Number failed for value \"$minStockLevel\" (type string) at path \"quantity\" for model \"Product\" - /api/v1/products/low-stock - GET - ::1","service":"inventory-api","timestamp":"2025-12-25 17:46:08"}
{"level":"error","message":"500 - Cast to Number failed for value \"$minStockLevel\" (type string) at path \"quantity\" for model \"Product\" - /api/v1/products/low-stock - GET - ::1","service":"inventory-api","timestamp":"2025-12-25 17:46:41"}
{"level":"error","message":"500 - Cast to Number failed for value \"$minStockLevel\" (type string) at path \"quantity\" for model \"Product\" - /api/v1/products/low-stock - GET - ::1","service":"inventory-api","timestamp":"2025-12-25 17:46:51"}
{"level":"error","message":"500 - Cast to Number failed for value \"$minStockLevel\" (type string) at path \"quantity\" for model \"Product\" - /api/v1/products/low-stock - GET - ::1","service":"inventory-api","timestamp":"2025-12-25 17:50:38"}
{"level":"error","message":"403 - User role staff is not authorized to access this route - /api/v1/inventory/analysis/movement?days=7 - GET - ::1","service":"inventory-api","timestamp":"2025-12-25 17:54:35"}
{"level":"error","message":"403 - User role staff is not authorized to access this route - /api/v1/inventory/analysis/movement?days=7 - GET - ::1","service":"inventory-api","timestamp":"2025-12-25 17:54:39"}
{"level":"error","message":"403 - User role staff is not authorized to access this route - /api/v1/inventory/analysis/movement?days=7 - GET - ::1","service":"inventory-api","timestamp":"2025-12-25 17:54:41"}
{"level":"error","message":"403 - User role staff is not authorized to access this route - /api/v1/inventory/analysis/movement?days=7 - GET - ::1","service":"inventory-api","timestamp":"2025-12-25 17:54:42"}
{"level":"error","message":"403 - User role staff is not authorized to access this route - /api/v1/inventory/analysis/movement?days=7 - GET - ::1","service":"inventory-api","timestamp":"2025-12-25 17:54:44"}
{"level":"error","message":"403 - User role staff is not authorized to access this route - /api/v1/inventory/analysis/movement?days=7 - GET - ::1","service":"inventory-api","timestamp":"2025-12-25 17:57:02"}
{"level":"error","message":"403 - User role staff is not authorized to access this route - /api/v1/inventory/analysis/movement?days=7 - GET - ::1","service":"inventory-api","timestamp":"2025-12-25 17:57:16"}
{"level":"error","message":"500 - Plan executor error during findAndModify :: caused by :: E11000 duplicate key error collection: inventory_db.users index: email_1 dup key: { email: \"mdzishan24680@gmail.com\" } - /api/v1/auth/updatedetails - PUT - ::1","service":"inventory-api","timestamp":"2025-12-25 18:18:44"}
{"level":"error","message":"500 - Plan executor error during findAndModify :: caused by :: E11000 duplicate key error collection: inventory_db.users index: email_1 dup key: { email: \"mdzishan24680@gmail.com\" } - /api/v1/auth/updatedetails - PUT - ::1","service":"inventory-api","timestamp":"2025-12-25 18:19:23"}
{"level":"error","message":"500 - Plan executor error during findAndModify :: caused by :: E11000 duplicate key error collection: inventory_db.users index: email_1 dup key: { email: \"mdzishan24680@gmail.com\" } - /api/v1/auth/updatedetails - PUT - ::1","service":"inventory-api","timestamp":"2025-12-25 18:29:07"}
{"level":"error","message":"400 - Validation failed - /api/v1/products?limit=1000 - GET - ::1","service":"inventory-api","timestamp":"2025-12-25 18:31:28"}
{"level":"error","message":"400 - Validation failed - /api/v1/products?limit=1000 - GET - ::1","service":"inventory-api","timestamp":"2025-12-25 18:36:29"}
{"level":"error","message":"500 - Customer validation failed: email: Please provide a valid email - /api/v1/partners/customers - POST - ::1","service":"inventory-api","timestamp":"2025-12-25 18:38:30"}
{"level":"error","message":"500 - Customer validation failed: email: Please provide a valid email - /api/v1/partners/customers - POST - ::1","service":"inventory-api","timestamp":"2025-12-25 18:38:31"}
{"level":"error","message":"400 - Validation failed - /api/v1/products?limit=1000 - GET - ::1","service":"inventory-api","timestamp":"2025-12-25 18:39:00"}
{"level":"error","message":"400 - Validation failed - /api/v1/products?limit=1000 - GET - ::1","service":"inventory-api","timestamp":"2025-12-25 18:56:41"}
{"level":"error","message":"404 - Product not found for this QR code not found - /api/v1/products/qr/fas6concrete - GET - ::1","service":"inventory-api","timestamp":"2025-12-25 18:57:54"}
{"level":"error","message":"404 - Product not found for this QR code not found - /api/v1/products/qr/fas6concrete - GET - ::1","service":"inventory-api","timestamp":"2025-12-25 18:57:55"}
{"level":"error","message":"500 - Cast to ObjectId failed for value \"2017-00828\" (type string) at path \"_id\" for model \"Product\" - /api/v1/products/qr/2017-00828 - GET - ::1","service":"inventory-api","timestamp":"2025-12-25 18:58:34"}
{"level":"error","message":"401 - Invalid credentials - /api/v1/auth/login - POST - ::1","service":"inventory-api","timestamp":"2025-12-25 19:15:05"}
{"level":"error","message":"401 - No refresh token found - /api/v1/auth/refresh-token - POST - ::1","service":"inventory-api","timestamp":"2025-12-25 19:15:05"}
{"level":"error","message":"400 - Validation failed - /api/v1/auth/register - POST - ::1","service":"inventory-api","timestamp":"2025-12-25 19:16:10"}
{"level":"error","message":"400 - Validation failed - /api/v1/auth/register - POST - ::1","service":"inventory-api","timestamp":"2025-12-25 19:16:21"}
{"level":"error","message":"400 - Validation failed - /api/v1/auth/register - POST - ::1","service":"inventory-api","timestamp":"2025-12-25 19:20:40"}
{"level":"error","message":"400 - Validation failed - /api/v1/auth/register - POST - ::1","service":"inventory-api","timestamp":"2025-12-25 19:20:44"}
{"level":"error","message":"400 - Validation failed - /api/v1/auth/register - POST - ::1","service":"inventory-api","timestamp":"2025-12-25 19:25:07"}
{"level":"error","message":"400 - Validation failed - /api/v1/auth/register - POST - ::1","service":"inventory-api","timestamp":"2025-12-25 19:25:25"}
{"level":"error","message":"403 - User role staff is not authorized to access this route - /api/v1/inventory/analysis/movement?days=7 - GET - ::1","service":"inventory-api","timestamp":"2025-12-25 19:25:39"}
{"level":"error","message":"401 - Invalid or expired token - /api/v1/transactions?type= - GET - ::1","service":"inventory-api","timestamp":"2025-12-25 21:35:58"}
{"level":"error","message":"401 - Invalid or expired refresh token - /api/v1/auth/refresh-token - POST - ::1","service":"inventory-api","timestamp":"2025-12-25 21:35:58"}
{"level":"error","message":"400 - Validation failed - /api/v1/products?limit=1000 - GET - ::1","service":"inventory-api","timestamp":"2025-12-26 13:49:17"}
{"level":"error","message":"400 - Validation failed - /api/v1/products?limit=1000 - GET - ::1","service":"inventory-api","timestamp":"2025-12-26 13:52:16"}
{"level":"error","message":"400 - Validation failed - /api/v1/products?limit=1000 - GET - ::1","service":"inventory-api","timestamp":"2025-12-26 20:56:56"}
{"level":"error","message":"400 - Validation failed - /api/v1/products?limit=1000 - GET - ::1","service":"inventory-api","timestamp":"2025-12-26 20:57:08"}
{"level":"error","message":"400 - Validation failed - /api/v1/products?limit=1000 - GET - ::1","service":"inventory-api","timestamp":"2025-12-26 21:00:38"}
{"level":"error","message":"400 - Validation failed - /api/v1/products?limit=1000 - GET - ::1","service":"inventory-api","timestamp":"2025-12-26 21:00:52"}
{"level":"error","message":"400 - Validation failed - /api/v1/products?limit=1000 - GET - ::1","service":"inventory-api","timestamp":"2025-12-26 21:06:12"}
{"level":"error","message":"400 - Validation failed - /api/v1/products?limit=1000 - GET - ::1","service":"inventory-api","timestamp":"2025-12-26 21:09:40"}
{"level":"error","message":"400 - Validation failed - /api/v1/products?limit=1000 - GET - ::1","service":"inventory-api","timestamp":"2025-12-26 21:10:38"}
{"level":"error","message":"500 - Customer validation failed: email: Please provide a valid email - /api/v1/partners/customers - POST - ::1","service":"inventory-api","timestamp":"2025-12-26 21:19:46"}
{"level":"error","message":"403 - User role staff is not authorized to access this route - /api/v1/partners/suppliers - POST - ::1","service":"inventory-api","timestamp":"2025-12-26 21:22:25"}
{"level":"error","message":"403 - User role staff is not authorized to access this route - /api/v1/partners/suppliers - POST - ::1","service":"inventory-api","timestamp":"2025-12-26 21:22:31"}
{"level":"error","message":"403 - User role staff is not authorized to access this route - /api/v1/partners/suppliers - POST - ::1","service":"inventory-api","timestamp":"2025-12-26 21:22:33"}
{"level":"error","message":"403 - User role staff is not authorized to access this route - /api/v1/partners/suppliers - POST - ::1","service":"inventory-api","timestamp":"2025-12-26 21:22:34"}
{"level":"error","message":"403 - User role staff is not authorized to access this route - /api/v1/partners/suppliers - POST - ::1","service":"inventory-api","timestamp":"2025-12-26 21:22:34"}
{"level":"error","message":"403 - User role staff is not authorized to access this route - /api/v1/partners/suppliers - POST - ::1","service":"inventory-api","timestamp":"2025-12-26 21:22:34"}
{"level":"error","message":"403 - User role staff is not authorized to access this route - /api/v1/partners/suppliers - POST - ::1","service":"inventory-api","timestamp":"2025-12-26 21:22:34"}
{"level":"error","message":"403 - User role staff is not authorized to access this route - /api/v1/partners/suppliers - POST - ::1","service":"inventory-api","timestamp":"2025-12-26 21:22:35"}
{"level":"error","message":"403 - User role staff is not authorized to access this route - /api/v1/partners/suppliers - POST - ::1","service":"inventory-api","timestamp":"2025-12-26 21:22:35"}
{"level":"error","message":"403 - User role staff is not authorized to access this route - /api/v1/partners/suppliers - POST - ::1","service":"inventory-api","timestamp":"2025-12-26 21:22:35"}
{"level":"error","message":"403 - User role staff is not authorized to access this route - /api/v1/partners/suppliers - POST - ::1","service":"inventory-api","timestamp":"2025-12-26 21:22:35"}
{"level":"error","message":"403 - User role staff is not authorized to access this route - /api/v1/partners/suppliers - POST - ::1","service":"inventory-api","timestamp":"2025-12-26 21:22:35"}
{"level":"error","message":"403 - User role staff is not authorized to access this route - /api/v1/partners/suppliers - POST - ::1","service":"inventory-api","timestamp":"2025-12-26 22:27:07"}
{"level":"error","message":"403 - User role staff is not authorized to access this route - /api/v1/partners/suppliers - POST - ::1","service":"inventory-api","timestamp":"2025-12-26 22:36:30"}
{"level":"error","message":"401 - Invalid credentials - /api/v1/auth/login - POST - ::1","service":"inventory-api","timestamp":"2025-12-26 22:37:24"}
{"level":"error","message":"401 - Invalid credentials - /api/v1/auth/login - POST - ::1","service":"inventory-api","timestamp":"2025-12-26 22:37:32"}
{"level":"error","message":"400 - Validation failed - /api/v1/auth/register - POST - ::1","service":"inventory-api","timestamp":"2025-12-26 22:38:38"}
{"level":"error","message":"409 - User already exists - /api/v1/auth/register - POST - ::1","service":"inventory-api","timestamp":"2025-12-26 22:38:45"}
{"level":"error","message":"400 - Validation failed - /api/v1/auth/register - POST - ::1","service":"inventory-api","timestamp":"2025-12-26 22:39:14"}
{"level":"error","message":"409 - User already exists - /api/v1/auth/register - POST - ::1","service":"inventory-api","timestamp":"2025-12-26 22:39:22"}
{"level":"error","message":"400 - Validation failed - /api/v1/auth/register - POST - ::1","service":"inventory-api","timestamp":"2025-12-26 22:40:32"}
{"level":"error","message":"500 - Validation failed: email: Please provide an email, name: Please provide a name - /api/v1/auth/updatedetails - PUT - ::1","service":"inventory-api","timestamp":"2025-12-27 01:25:27"}
{"level":"error","message":"500 - Validation failed: email: Please provide an email, name: Please provide a name - /api/v1/auth/updatedetails - PUT - ::1","service":"inventory-api","timestamp":"2025-12-27 01:25:28"}
{"level":"error","message":"500 - Validation failed: email: Please provide an email, name: Please provide a name - /api/v1/auth/updatedetails - PUT - ::1","service":"inventory-api","timestamp":"2025-12-27 01:25:28"}
{"level":"error","message":"500 - Validation failed: email: Please provide an email, name: Please provide a name - /api/v1/auth/updatedetails - PUT - ::1","service":"inventory-api","timestamp":"2025-12-27 01:25:30"}
{"level":"error","message":"500 - Validation failed: email: Please provide an email, name: Please provide a name - /api/v1/auth/updatedetails - PUT - ::1","service":"inventory-api","timestamp":"2025-12-27 01:25:36"}
{"level":"error","message":"500 - Validation failed: email: Please provide an email, name: Please provide a name - /api/v1/auth/updatedetails - PUT - ::1","service":"inventory-api","timestamp":"2025-12-27 01:25:37"}
{"level":"error","message":"500 - Validation failed: email: Please provide an email, name: Please provide a name - /api/v1/auth/updatedetails - PUT - ::1","service":"inventory-api","timestamp":"2025-12-27 01:25:37"}
{"level":"error","message":"500 - Validation failed: email: Please provide an email, name: Please provide a name - /api/v1/auth/updatedetails - PUT - ::1","service":"inventory-api","timestamp":"2025-12-27 01:26:02"}
{"level":"error","message":"500 - Validation failed: email: Please provide an email, name: Please provide a name - /api/v1/auth/updatedetails - PUT - ::1","service":"inventory-api","timestamp":"2025-12-27 01:26:03"}
{"level":"error","message":"500 - Validation failed: email: Please provide an email, name: Please provide a name - /api/v1/auth/updatedetails - PUT - ::1","service":"inventory-api","timestamp":"2025-12-27 01:26:03"}
{"level":"error","message":"401 - Invalid credentials - /api/v1/auth/login - POST - ::1","service":"inventory-api","timestamp":"2025-12-27 02:13:51"}
{"level":"error","message":"401 - Invalid credentials - /api/v1/auth/login - POST - ::1","service":"inventory-api","timestamp":"2025-12-27 02:13:52"}
{"level":"error","message":"401 - Invalid credentials - /api/v1/auth/login - POST - ::1","service":"inventory-api","timestamp":"2025-12-27 02:15:08"}
{"level":"error","message":"401 - Invalid credentials - /api/v1/auth/login - POST - ::1","service":"inventory-api","timestamp":"2025-12-27 02:15:09"}
{"level":"error","message":"500 - Validation failed: phone: Please provide a valid phone number - /api/v1/auth/updatedetails - PUT - ::1","service":"inventory-api","timestamp":"2025-12-27 02:17:30"}
{"level":"error","message":"500 - Plan executor error during findAndModify :: caused by :: E11000 duplicate key error collection: inventory_db.users index: email_1 dup key: { email: \"mdzishan24680@gmail.com\" } - /api/v1/auth/updatedetails - PUT - ::1","service":"inventory-api","timestamp":"2025-12-27 02:17:39"}
{"level":"error","message":"401 - Current password is incorrect - /api/v1/auth/updatepassword - PUT - ::1","service":"inventory-api","timestamp":"2025-12-27 02:19:04"}
{"level":"error","message":"401 - Current password is incorrect - /api/v1/auth/updatepassword - PUT - ::1","service":"inventory-api","timestamp":"2025-12-27 02:19:05"}
{"level":"error","message":"401 - Invalid credentials - /api/v1/auth/login - POST - ::1","service":"inventory-api","timestamp":"2025-12-27 02:20:08"}
{"level":"error","message":"401 - Invalid credentials - /api/v1/auth/login - POST - ::1","service":"inventory-api","timestamp":"2025-12-27 02:20:08"}
{"level":"error","message":"401 - Invalid credentials - /api/v1/auth/login - POST - ::1","service":"inventory-api","timestamp":"2025-12-27 02:20:30"}
{"level":"error","message":"401 - Invalid credentials - /api/v1/auth/login - POST - ::1","service":"inventory-api","timestamp":"2025-12-27 02:20:31"}
{"level":"error","message":"401 - Invalid credentials - /api/v1/auth/login - POST - ::1","service":"inventory-api","timestamp":"2025-12-27 09:59:21"}
{"level":"error","message":"401 - Invalid credentials - /api/v1/auth/login - POST - ::1","service":"inventory-api","timestamp":"2025-12-27 09:59:22"}
{"level":"error","message":"500 - File too large - /api/v1/auth/avatar - POST - ::1","service":"inventory-api","timestamp":"2025-12-27 10:09:02"}
{"level":"error","message":"400 - Validation failed - /api/v1/auth/register - POST - ::1","service":"inventory-api","timestamp":"2025-12-27 13:41:28"}
{"level":"error","message":"401 - Not authorized to access this route - /api/v1/admin/stats - GET - ::1","service":"inventory-api","timestamp":"2025-12-27 13:47:58"}
{"level":"error","message":"401 - Not authorized to access this route - /api/v1/auth/me - GET - ::1","service":"inventory-api","timestamp":"2025-12-27 13:47:58"}
{"level":"error","message":"401 - Not authorized to access this route - /api/v1/admin/stats - GET - ::1","service":"inventory-api","timestamp":"2025-12-27 13:48:18"}
{"level":"error","message":"401 - Not authorized to access this route - /api/v1/auth/me - GET - ::1","service":"inventory-api","timestamp":"2025-12-27 13:48:21"}
{"level":"error","message":"401 - Invalid or expired token - /api/v1/auth/me - GET - ::1","service":"inventory-api","timestamp":"2025-12-27 14:14:44"}
{"level":"error","message":"500 - Cannot read properties of null (reading '_id') - /api/v1/auth/refresh-token - POST - ::1","service":"inventory-api","timestamp":"2025-12-27 14:14:44"}
{"level":"error","message":"403 - Access denied: Admin privileges required - /api/v1/partners/customers/694eaeb45e3eb67dc8212b0a - DELETE - ::1","service":"inventory-api","timestamp":"2025-12-27 14:17:50"}
{"level":"error","message":"401 - Invalid or expired token - /api/v1/products?limit=5 - GET - ::1","service":"inventory-api","timestamp":"2025-12-27 15:06:49"}
{"level":"error","message":"401 - Invalid or expired token - /api/v1/inventory/summary - GET - ::1","service":"inventory-api","timestamp":"2025-12-27 15:06:49"}
{"level":"error","message":"401 - Invalid or expired token - /api/v1/inventory/logs?limit=10 - GET - ::1","service":"inventory-api","timestamp":"2025-12-27 15:06:49"}
{"level":"error","message":"401 - Invalid or expired token - /api/v1/products/low-stock - GET - ::1","service":"inventory-api","timestamp":"2025-12-27 15:06:49"}
{"level":"error","message":"500 - getaddrinfo ENOTFOUND ac-apry8sg-shard-00-00.9qk0fcd.mongodb.net - /api/v1/auth/refresh-token - POST - ::1","service":"inventory-api","timestamp":"2025-12-27 15:06:54"}
{"level":"error","message":"500 - getaddrinfo ENOTFOUND ac-apry8sg-shard-00-00.9qk0fcd.mongodb.net - /api/v1/auth/refresh-token - POST - ::1","service":"inventory-api","timestamp":"2025-12-27 15:06:54"}
{"level":"error","message":"500 - getaddrinfo ENOTFOUND ac-apry8sg-shard-00-00.9qk0fcd.mongodb.net - /api/v1/auth/refresh-token - POST - ::1","service":"inventory-api","timestamp":"2025-12-27 15:06:54"}
{"level":"error","message":"500 - getaddrinfo ENOTFOUND ac-apry8sg-shard-00-00.9qk0fcd.mongodb.net - /api/v1/auth/refresh-token - POST - ::1","service":"inventory-api","timestamp":"2025-12-27 15:06:54"}
{"level":"error","message":"500 - getaddrinfo ENOTFOUND ac-apry8sg-shard-00-00.9qk0fcd.mongodb.net - /api/v1/auth/register - POST - ::1","service":"inventory-api","timestamp":"2025-12-27 15:08:23"}
{"level":"error","message":"500 - getaddrinfo ENOTFOUND ac-apry8sg-shard-00-00.9qk0fcd.mongodb.net - /api/v1/auth/register - POST - ::1","service":"inventory-api","timestamp":"2025-12-27 15:08:45"}
{"level":"error","message":"500 - getaddrinfo ENOTFOUND ac-apry8sg-shard-00-00.9qk0fcd.mongodb.net - /api/v1/auth/register - POST - ::1","service":"inventory-api","timestamp":"2025-12-27 15:08:51"}
{"level":"error","message":"500 - AuditLog validation failed: action: `ALERT` is not a valid enum value for path `action`. - /api/v1/products - POST - ::1","service":"inventory-api","timestamp":"2025-12-27 15:11:17"}
{"level":"error","message":"500 - AuditLog validation failed: action: `ALERT` is not a valid enum value for path `action`. - /api/v1/products - POST - ::1","service":"inventory-api","timestamp":"2025-12-27 15:11:37"}
{"level":"error","message":"401 - Invalid credentials - /api/v1/auth/login - POST - ::1","service":"inventory-api","timestamp":"2025-12-27 16:08:35"}
{"level":"error","message":"401 - Invalid credentials - /api/v1/auth/login - POST - ::1","service":"inventory-api","timestamp":"2025-12-27 16:08:36"}
{"level":"error","message":"500 - File too large - /api/v1/auth/avatar - POST - ::1","service":"inventory-api","timestamp":"2025-12-27 21:14:55"}
{"level":"error","message":"500 - Validation failed: phone: Please provide a valid phone number - /api/v1/auth/updatedetails - PUT - ::1","service":"inventory-api","timestamp":"2025-12-27 22:30:42"}
{"level":"error","message":"401 - Invalid credentials - /api/v1/auth/login - POST - ::1","service":"inventory-api","timestamp":"2025-12-27 23:23:59"}
{"level":"error","message":"401 - Invalid credentials - /api/v1/auth/login - POST - ::1","service":"inventory-api","timestamp":"2025-12-27 23:24:06"}
{"level":"error","message":"409 - User already exists - /api/v1/auth/register - POST - ::1","service":"inventory-api","timestamp":"2025-12-27 23:28:25"}
{"level":"error","message":"401 - Invalid credentials - /api/v1/auth/login - POST - ::1","service":"inventory-api","timestamp":"2025-12-27 23:39:47"}
{"level":"error","message":"401 - Invalid credentials - /api/v1/auth/login - POST - ::1","service":"inventory-api","timestamp":"2025-12-27 23:39:47"}
{"level":"error","message":"401 - Invalid credentials - /api/v1/auth/login - POST - ::1","service":"inventory-api","timestamp":"2025-12-27 23:40:25"}
{"level":"error","message":"401 - Invalid credentials - /api/v1/auth/login - POST - ::1","service":"inventory-api","timestamp":"2025-12-27 23:40:26"}
{"level":"error","message":"401 - Invalid credentials - /api/v1/auth/login - POST - ::1","service":"inventory-api","timestamp":"2025-12-28 00:16:02"}
{"level":"error","message":"401 - Invalid credentials - /api/v1/auth/login - POST - ::1","service":"inventory-api","timestamp":"2025-12-28 00:16:09"}
{"level":"error","message":"401 - Invalid credentials - /api/v1/auth/login - POST - ::1","service":"inventory-api","timestamp":"2025-12-28 00:16:16"}
{"level":"error","message":"401 - Invalid credentials - /api/v1/auth/login - POST - ::1","service":"inventory-api","timestamp":"2025-12-28 00:16:23"}
{"level":"error","message":"401 - Invalid credentials - /api/v1/auth/login - POST - ::1","service":"inventory-api","timestamp":"2025-12-28 00:16:38"}
{"level":"error","message":"401 - Invalid credentials - /api/v1/auth/login - POST - ::1","service":"inventory-api","timestamp":"2025-12-28 00:16:44"}
{"level":"error","message":"401 - Invalid credentials - /api/v1/auth/login - POST - ::1","service":"inventory-api","timestamp":"2025-12-28 00:17:01"}
{"level":"error","message":"401 - Invalid credentials - /api/v1/auth/login - POST - ::1","service":"inventory-api","timestamp":"2025-12-28 00:17:09"}
{"level":"error","message":"400 - Validation failed - /api/v1/auth/register - POST - ::1","service":"inventory-api","timestamp":"2025-12-28 00:18:35"}
{"level":"error","message":"401 - Invalid credentials - /api/v1/auth/login - POST - ::1","service":"inventory-api","timestamp":"2025-12-28 01:00:16"}
{"level":"error","message":"401 - Invalid credentials - /api/v1/auth/login - POST - ::1","service":"inventory-api","timestamp":"2025-12-28 01:00:23"}
{"level":"error","message":"401 - Invalid credentials - /api/v1/auth/login - POST - ::1","service":"inventory-api","timestamp":"2025-12-28 01:01:06"}
{"level":"error","message":"401 - Invalid credentials - /api/v1/auth/login - POST - ::1","service":"inventory-api","timestamp":"2025-12-28 01:01:11"}
{"level":"error","message":"500 - Supplier validation failed: name: Please provide a supplier name - /api/v1/partners/suppliers - POST - ::1","service":"inventory-api","timestamp":"2025-12-28 02:15:29"}
{"level":"error","message":"500 - E11000 duplicate key error collection: inventory_db.suppliers index: name_1 dup key: { name: \"md zishan\" } - /api/v1/partners/suppliers - POST - ::1","service":"inventory-api","timestamp":"2025-12-28 02:15:35"}
